<?xml version="1.0" encoding="UTF-8"?><testrun name="associateMBWAYControllerTests.associateMBWAYControllerTests" project="sise-sibs" tests="1" started="1" failures="0" errors="1" ignored="0">
  <testcase name="initializationError" classname="org.junit.runner.manipulation.Filter" time="0.001">
    <error>java.lang.Exception: No tests found matching [{ExactMatcher:fDisplayName=associateMBWAYControllerTests], {ExactMatcher:fDisplayName=associateMBWAYControllerTests(pt.ulisboa.tecnico.learnjava.sibs.CLI.associateMBWAYControllerTests)], {LeadingIdentifierMatcher:fClassName=pt.ulisboa.tecnico.learnjava.sibs.CLI.associateMBWAYControllerTests,fLeadingIdentifier=associateMBWAYControllerTests]] from org.junit.internal.requests.ClassRequest@cb0ed20&#13;
	at org.junit.internal.requests.FilterRequest.getRunner(FilterRequest.java:40)&#13;
	at org.eclipse.jdt.internal.junit4.runner.JUnit4TestLoader.createFilteredTest(JUnit4TestLoader.java:83)&#13;
	at org.eclipse.jdt.internal.junit4.runner.JUnit4TestLoader.createTest(JUnit4TestLoader.java:74)&#13;
	at org.eclipse.jdt.internal.junit4.runner.JUnit4TestLoader.loadTests(JUnit4TestLoader.java:49)&#13;
	at org.eclipse.jdt.internal.junit.runner.RemoteTestRunner.runTests(RemoteTestRunner.java:525)&#13;
	at org.eclipse.jdt.internal.junit.runner.RemoteTestRunner.runTests(RemoteTestRunner.java:763)&#13;
	at org.eclipse.jdt.internal.junit.runner.RemoteTestRunner.run(RemoteTestRunner.java:463)&#13;
	at org.eclipse.jdt.internal.junit.runner.RemoteTestRunner.main(RemoteTestRunner.java:209)&#13;
&#13;
</error>
  </testcase>
</testrun>
